<?xml version="1.0" encoding="UTF-8"?>
<testng-results ignored="0" total="1" passed="1" failed="0" skipped="0">
  <reporter-output>
  </reporter-output>
  <suite started-at="2022-09-17T17:06:37 IST" name="Default suite" finished-at="2022-09-17T17:06:57 IST" duration-ms="19670">
    <groups>
    </groups>
    <test started-at="2022-09-17T17:06:37 IST" name="Default test" finished-at="2022-09-17T17:06:57 IST" duration-ms="19670">
      <class name="com.Testcases.LoginPageClassTC1">
        <test-method is-config="true" signature="browserstart(java.lang.String)[pri:0, instance:com.Testcases.LoginPageClassTC1@cecf639]" started-at="2022-09-17T17:06:37 IST" name="browserstart" finished-at="2022-09-17T17:06:46 IST" duration-ms="8549" status="PASS">
          <params>
            <param index="0">
              <value>
                <![CDATA[chrome]]>
              </value>
            </param>
          </params>
          <reporter-output>
          </reporter-output>
        </test-method> <!-- browserstart -->
        <test-method signature="login()[pri:0, instance:com.Testcases.LoginPageClassTC1@cecf639]" started-at="2022-09-17T17:06:46 IST" name="login" finished-at="2022-09-17T17:06:53 IST" duration-ms="7109" status="PASS">
          <reporter-output>
          </reporter-output>
        </test-method> <!-- login -->
        <test-method is-config="true" signature="Browserclose()[pri:0, instance:com.Testcases.LoginPageClassTC1@cecf639]" started-at="2022-09-17T17:06:53 IST" name="Browserclose" finished-at="2022-09-17T17:06:57 IST" duration-ms="3786" status="PASS">
          <reporter-output>
          </reporter-output>
        </test-method> <!-- Browserclose -->
      </class> <!-- com.Testcases.LoginPageClassTC1 -->
    </test> <!-- Default test -->
  </suite> <!-- Default suite -->
</testng-results>
