<?xml version="1.0" encoding="UTF-8"?>
<testng-results ignored="0" total="1" passed="1" failed="0" skipped="0">
  <reporter-output>
  </reporter-output>
  <suite started-at="2022-09-18T22:08:59 IST" name="Suite" finished-at="2022-09-18T22:09:33 IST" duration-ms="34259">
    <groups>
    </groups>
    <test started-at="2022-09-18T22:08:59 IST" name="Test" finished-at="2022-09-18T22:09:33 IST" duration-ms="34259">
      <class name="com.Testcases.LoginPageClassTC1">
        <test-method is-config="true" signature="browserstart(java.lang.String)[pri:0, instance:com.Testcases.LoginPageClassTC1@cecf639]" started-at="2022-09-18T22:08:59 IST" name="browserstart" finished-at="2022-09-18T22:09:14 IST" duration-ms="15088" status="PASS">
          <params>
            <param index="0">
              <value>
                <![CDATA[chrome]]>
              </value>
            </param>
          </params>
          <reporter-output>
          </reporter-output>
        </test-method> <!-- browserstart -->
        <test-method signature="login()[pri:0, instance:com.Testcases.LoginPageClassTC1@cecf639]" started-at="2022-09-18T22:09:14 IST" name="login" finished-at="2022-09-18T22:09:29 IST" duration-ms="15337" status="PASS">
          <reporter-output>
          </reporter-output>
        </test-method> <!-- login -->
        <test-method is-config="true" signature="Browserclose()[pri:0, instance:com.Testcases.LoginPageClassTC1@cecf639]" started-at="2022-09-18T22:09:29 IST" name="Browserclose" finished-at="2022-09-18T22:09:33 IST" duration-ms="3631" status="PASS">
          <reporter-output>
          </reporter-output>
        </test-method> <!-- Browserclose -->
      </class> <!-- com.Testcases.LoginPageClassTC1 -->
    </test> <!-- Test -->
  </suite> <!-- Suite -->
</testng-results>
